     1                                  ;main.asm
     2                                  
     3                                  section .data
     4 00000000 48656C6C6F2C20576F-         msg db "Hello, World",0
     4 00000009 726C6400           
     5 0000000D 0A                          NL  db 0xa
     6                                  section .bss
     7                                  section .text
     8                                      global main
     9                                  main:
    10 00000000 B801000000                  mov rax, 1
    11 00000005 BF01000000                  mov rdi, 1
    12 0000000A 48BE-                       mov rsi, msg
    12 0000000C [0000000000000000] 
    13 00000014 BA0C000000                  mov rdx, 12
    14 00000019 0F05                        syscall
    15 0000001B B801000000                  mov rax, 1
    16 00000020 BF01000000                  mov rdi, 1
    17 00000025 48BE-                       mov rsi, NL
    17 00000027 [0D00000000000000] 
    18 0000002F BA01000000                  mov rdx, 1
    19 00000034 0F05                        syscall
    20 00000036 B83C000000                  mov rax, 60
    21 0000003B BF00000000                  mov rdi, 0
    22 00000040 0F05                        syscall
